<?xml version="1.0" encoding="UTF-8"?>
<!-- Generated by org.testng.reporters.JUnitXMLReporter -->
<testsuite hostname="DIAMOND-QA2L" ignored="0" name="Test" tests="8" failures="0" timestamp="2022-05-02T00:12:10 IST" time="407.726" errors="0">
  <testcase name="trending" time="32.515" classname="org.testing.TestScripts.TC1"/>
  <testcase name="history" time="26.066" classname="org.testing.TestScripts.TC2"/>
  <testcase name="subscription" time="26.318" classname="org.testing.TestScripts.TC3"/>
  <testcase name="playandlike" time="35.127" classname="org.testing.TestScripts.TC4"/>
  <testcase name="playandlike" time="32.147" classname="org.testing.TestScripts.TC5"/>
  <testcase name="playandlike" time="48.937" classname="org.testing.TestScripts.TC6"/>
  <testcase name="playandlike" time="35.555" classname="org.testing.TestScripts.TC7"/>
  <testcase name="playandlike" time="30.875" classname="org.testing.TestScripts.TC8"/>
</testsuite> <!-- Test -->
