<?xml version="1.0" encoding="UTF-8"?>
<!-- Generated by org.testng.reporters.JUnitXMLReporter -->
<testsuite hostname="DIAMOND-QA2L" ignored="0" name="Test" tests="3" failures="0" timestamp="2022-05-01T22:50:47 IST" time="145.341" errors="0">
  <testcase name="trending" time="31.066" classname="org.testing.TestScripts.TC1"/>
  <testcase name="history" time="28.363" classname="org.testing.TestScripts.TC2"/>
  <testcase name="subscription" time="28.213" classname="org.testing.TestScripts.TC3"/>
</testsuite> <!-- Test -->
