<?xml version="1.0" encoding="UTF-8"?>
<testng-results skipped="0" failed="0" ignored="0" total="1" passed="1">
  <reporter-output>
  </reporter-output>
  <suite name="Default suite" duration-ms="27696" started-at="2022-05-01T16:03:20 IST" finished-at="2022-05-01T16:03:48 IST">
    <groups>
    </groups>
    <test name="Default test" duration-ms="27696" started-at="2022-05-01T16:03:20 IST" finished-at="2022-05-01T16:03:48 IST">
      <class name="org.testing.TestScripts.TC1">
        <test-method status="PASS" signature="method1()[pri:0, instance:org.testing.TestScripts.TC1@6ee12bac]" name="method1" is-config="true" duration-ms="27652" started-at="2022-05-01T16:03:20 IST" finished-at="2022-05-01T16:03:48 IST">
          <reporter-output>
          </reporter-output>
        </test-method> <!-- method1 -->
        <test-method status="PASS" signature="method2()[pri:0, instance:org.testing.TestScripts.TC1@6ee12bac]" name="method2" duration-ms="6" started-at="2022-05-01T16:03:48 IST" finished-at="2022-05-01T16:03:48 IST">
          <reporter-output>
          </reporter-output>
        </test-method> <!-- method2 -->
        <test-method status="PASS" signature="method3()[pri:0, instance:org.testing.TestScripts.TC1@6ee12bac]" name="method3" is-config="true" duration-ms="0" started-at="2022-05-01T16:03:48 IST" finished-at="2022-05-01T16:03:48 IST">
          <reporter-output>
          </reporter-output>
        </test-method> <!-- method3 -->
      </class> <!-- org.testing.TestScripts.TC1 -->
    </test> <!-- Default test -->
  </suite> <!-- Default suite -->
</testng-results>
