<?xml version="1.0" encoding="UTF-8"?>
<!-- Generated by org.testng.reporters.JUnitXMLReporter -->
<testsuite hostname="DIAMOND-QA2L" ignored="0" name="Command line test a429ad95-0b25-4ba9-96cf-d66d5944ae2e" tests="7" failures="0" timestamp="2022-05-15T23:46:57 IST" time="404.543" errors="0">
  <testcase name="trending" time="45.602" classname="org.testing.TestScripts.TC1"/>
  <testcase name="subscription" time="34.348" classname="org.testing.TestScripts.TC3"/>
  <testcase name="playandlike" time="37.881" classname="org.testing.TestScripts.TC4"/>
  <testcase name="playandSubscribe" time="37.246" classname="org.testing.TestScripts.TC5"/>
  <testcase name="playandComment" time="55.579" classname="org.testing.TestScripts.TC6"/>
  <testcase name="WatchLater" time="33.002" classname="org.testing.TestScripts.TC7"/>
  <testcase name="library" time="32.307" classname="org.testing.TestScripts.TC8"/>
</testsuite> <!-- Command line test a429ad95-0b25-4ba9-96cf-d66d5944ae2e -->
